<?xml version="1.0" encoding="UTF-8"?>
<testng-results ignored="0" total="3" passed="3" failed="0" skipped="0">
  <reporter-output>
  </reporter-output>
  <suite started-at="2024-06-18T15:08:28 IST" name="Suite" finished-at="2024-06-18T15:10:03 IST" duration-ms="95133">
    <groups>
      <group name="cucumber">
        <method signature="AbstractTestNGCucumberTests.runScenario(io.cucumber.testng.PickleWrapper,io.cucumber.testng.FeatureWrapper)[pri:0, instance:Runner.runnerClass@4a8355dd]" name="runScenario" class="io.cucumber.testng.AbstractTestNGCucumberTests"/>
      </group> <!-- cucumber -->
    </groups>
    <test started-at="2024-06-18T15:08:28 IST" name="Test" finished-at="2024-06-18T15:10:03 IST" duration-ms="95133">
      <class name="Runner.runnerClass">
        <test-method is-config="true" signature="setUpClass(org.testng.ITestContext)[pri:0, instance:Runner.runnerClass@4a8355dd]" started-at="2024-06-18T15:08:28 IST" name="setUpClass" finished-at="2024-06-18T15:08:29 IST" duration-ms="693" status="PASS">
          <params>
            <param index="0">
              <value>
                <![CDATA[org.testng.TestRunner@1614499b]]>
              </value>
            </param>
          </params>
          <reporter-output>
          </reporter-output>
        </test-method> <!-- setUpClass -->
        <test-method signature="runScenario(io.cucumber.testng.PickleWrapper,io.cucumber.testng.FeatureWrapper)[pri:0, instance:Runner.runnerClass@4a8355dd]" started-at="2024-06-18T15:08:29 IST" name="runScenario" description="Runs Cucumber Scenarios" data-provider="scenarios" finished-at="2024-06-18T15:08:56 IST" duration-ms="26963" status="PASS">
          <params>
            <param index="0">
              <value>
                <![CDATA["Navigate to Upcoming Bikes and Display Honda Bikes"]]>
              </value>
            </param>
            <param index="1">
              <value>
                <![CDATA["91 Wheels"]]>
              </value>
            </param>
          </params>
          <reporter-output>
          </reporter-output>
        </test-method> <!-- runScenario -->
        <test-method signature="runScenario(io.cucumber.testng.PickleWrapper,io.cucumber.testng.FeatureWrapper)[pri:0, instance:Runner.runnerClass@4a8355dd]" started-at="2024-06-18T15:08:56 IST" name="runScenario" description="Runs Cucumber Scenarios" data-provider="scenarios" finished-at="2024-06-18T15:09:07 IST" duration-ms="10730" status="PASS">
          <params>
            <param index="0">
              <value>
                <![CDATA["Used Cars in CHENNAI"]]>
              </value>
            </param>
            <param index="1">
              <value>
                <![CDATA["91 Wheels"]]>
              </value>
            </param>
          </params>
          <reporter-output>
          </reporter-output>
        </test-method> <!-- runScenario -->
        <test-method signature="runScenario(io.cucumber.testng.PickleWrapper,io.cucumber.testng.FeatureWrapper)[pri:0, instance:Runner.runnerClass@4a8355dd]" started-at="2024-06-18T15:09:07 IST" name="runScenario" description="Runs Cucumber Scenarios" data-provider="scenarios" finished-at="2024-06-18T15:09:27 IST" duration-ms="20439" status="PASS">
          <params>
            <param index="0">
              <value>
                <![CDATA["Invalid LoginPage"]]>
              </value>
            </param>
            <param index="1">
              <value>
                <![CDATA["91 Wheels"]]>
              </value>
            </param>
          </params>
          <reporter-output>
          </reporter-output>
        </test-method> <!-- runScenario -->
        <test-method is-config="true" signature="tearDownClass()[pri:0, instance:Runner.runnerClass@4a8355dd]" started-at="2024-06-18T15:09:27 IST" name="tearDownClass" finished-at="2024-06-18T15:10:03 IST" duration-ms="36262" status="PASS">
          <reporter-output>
          </reporter-output>
        </test-method> <!-- tearDownClass -->
      </class> <!-- Runner.runnerClass -->
    </test> <!-- Test -->
  </suite> <!-- Suite -->
</testng-results>
